<?xml version="1.0" encoding="UTF-8"?>
<!-- Generated by org.testng.reporters.JUnitReportReporter -->
<testsuite skipped="0" hostname="LAPTOP-HG6F6UH3" name="turkishdatepicker" tests="1" failures="0" timestamp="21 Jul 2019 19:46:23 GMT" time="6.161" errors="0">
  <testcase name="datePickerTest" time="6.161" classname="turkishdatepicker"/>
</testsuite> <!-- turkishdatepicker -->
