<?xml version="1.0" encoding="UTF-8"?>
<!-- Generated by org.testng.reporters.JUnitReportReporter -->
<testsuite skipped="0" hostname="LAPTOP-HG6F6UH3" name="autoJavascript" tests="1" failures="0" timestamp="25 Apr 2019 17:29:13 GMT" time="12.341" errors="0">
  <testcase name="testClickJS" time="12.341" classname="autoJavascript"/>
</testsuite> <!-- autoJavascript -->
