<?xml version="1.0" encoding="UTF-8"?>
<!-- Generated by org.testng.reporters.JUnitReportReporter -->
<testsuite skipped="0" hostname="LAPTOP-HG6F6UH3" name="amazon_product" tests="1" failures="0" timestamp="21 May 2019 23:30:01 GMT" time="13.066" errors="0">
  <testcase name="product_Search_on_Amazon" time="13.066" classname="amazon_product"/>
</testsuite> <!-- amazon_product -->
