<?xml version="1.0" encoding="UTF-8"?>
<!-- Generated by org.testng.reporters.JUnitReportReporter -->
<testsuite skipped="0" hostname="LAPTOP-HG6F6UH3" name="UseJavascript" tests="1" failures="0" timestamp="21 Jul 2019 19:50:40 GMT" time="11.343" errors="0">
  <testcase name="testClickJS" time="11.343" classname="UseJavascript"/>
</testsuite> <!-- UseJavascript -->
